<?xml version="1.0" encoding="UTF-8"?>
<testsuite name="ru.stqa.pft.sandbox.PointTests" tests="2" skipped="0" failures="0" errors="0" timestamp="2020-04-22T19:56:41" hostname="event_horizon" time="0.01">
  <properties/>
  <testcase name="testDistance" classname="ru.stqa.pft.sandbox.PointTests" time="0.005"/>
  <testcase name="testDistanceAgain" classname="ru.stqa.pft.sandbox.PointTests" time="0.001"/>
  <system-out><![CDATA[]]></system-out>
  <system-err><![CDATA[]]></system-err>
</testsuite>
